tests/mypy/cases/default/path/module.py:3: error: "default" or "default_factory" cannot be specified for "rapidy.request_params.Path"  [rapidy-param]
tests/mypy/cases/default/path/module.py:4: error: "default" or "default_factory" cannot be specified for "rapidy.request_params.Path"  [rapidy-param]
tests/mypy/cases/default/path/module.py:5: error: "default" or "default_factory" cannot be specified for "rapidy.request_params.Path"  [rapidy-param]
tests/mypy/cases/default/path/module.py:7: error: "default" or "default_factory" cannot be specified for "rapidy.request_params.PathSchema"  [rapidy-param]
tests/mypy/cases/default/path/module.py:8: error: "default" or "default_factory" cannot be specified for "rapidy.request_params.PathSchema"  [rapidy-param]
tests/mypy/cases/default/path/module.py:9: error: "default" or "default_factory" cannot be specified for "rapidy.request_params.PathSchema"  [rapidy-param]
tests/mypy/cases/default/path/module.py:11: error: "default" or "default_factory" cannot be specified for "rapidy.request_params.PathRaw"  [rapidy-param]
tests/mypy/cases/default/path/module.py:12: error: "default" or "default_factory" cannot be specified for "rapidy.request_params.PathRaw"  [rapidy-param]
tests/mypy/cases/default/path/module.py:13: error: "default" or "default_factory" cannot be specified for "rapidy.request_params.PathRaw"  [rapidy-param]
Found 9 errors in 1 file (checked 1 source file)
