tests/mypy/cases/default/check_type/module.py:7: error: Incompatible default for argument "param_2" (default has type "str", argument has type "int")  [assignment]
tests/mypy/cases/default/check_type/module.py:8: error: Incompatible default for argument "param_3" (default has type "str", argument has type "int")  [assignment]
tests/mypy/cases/default/check_type/module.py:10: error: Incompatible default for argument "param_5" (default has type "str", argument has type "int")  [assignment]
tests/mypy/cases/default/check_type/module.py:11: error: Incompatible default for argument "param_6" (default has type "str", argument has type "int")  [assignment]
tests/mypy/cases/default/check_type/module.py:12: error: "default" or "default_factory" cannot be specified for "rapidy.request_params.HeaderRaw"  [rapidy-param]
tests/mypy/cases/default/check_type/module.py:13: error: "default" or "default_factory" cannot be specified for "rapidy.request_params.HeaderRaw"  [rapidy-param]
tests/mypy/cases/default/check_type/module.py:14: error: "default" or "default_factory" cannot be specified for "rapidy.request_params.HeaderRaw"  [rapidy-param]
tests/mypy/cases/default/check_type/module.py:19: error: Function is missing a return type annotation  [no-untyped-def]
tests/mypy/cases/default/check_type/module.py:22: error: Incompatible default for argument "param_2" (default has type "str", argument has type "int")  [assignment]
tests/mypy/cases/default/check_type/module.py:23: error: Incompatible default for argument "param_3" (default has type "str", argument has type "int")  [assignment]
tests/mypy/cases/default/check_type/module.py:25: error: Incompatible default for argument "param_5" (default has type "str", argument has type "int")  [assignment]
tests/mypy/cases/default/check_type/module.py:26: error: Incompatible default for argument "param_6" (default has type "str", argument has type "int")  [assignment]
tests/mypy/cases/default/check_type/module.py:27: error: "default" or "default_factory" cannot be specified for "rapidy.request_params.HeaderRaw"  [rapidy-param]
tests/mypy/cases/default/check_type/module.py:28: error: "default" or "default_factory" cannot be specified for "rapidy.request_params.HeaderRaw"  [rapidy-param]
tests/mypy/cases/default/check_type/module.py:29: error: "default" or "default_factory" cannot be specified for "rapidy.request_params.HeaderRaw"  [rapidy-param]
Found 15 errors in 1 file (checked 1 source file)
