tests/mypy/cases/default/body_bytes/module.py:3: error: "default" or "default_factory" cannot be specified for "rapidy.request_params.BytesBody"  [rapidy-param]
tests/mypy/cases/default/body_bytes/module.py:4: error: "default" or "default_factory" cannot be specified for "rapidy.request_params.BytesBody"  [rapidy-param]
tests/mypy/cases/default/body_bytes/module.py:5: error: "default" or "default_factory" cannot be specified for "rapidy.request_params.BytesBody"  [rapidy-param]
Found 3 errors in 1 file (checked 1 source file)
